Sep 14, 2020 11:26:10 AM myBootstrap.MyBootstrap <init>
INFO: file:/G:/MyGitRepository/MyWebViewFail/MyWebViewFail/target/classes/
Sep 14, 2020 11:30:34 AM myBootstrap.MyBootstrap <init>
INFO: (file:/G:/MyGitRepository/MyWebViewFail/MyWebViewFail/target/classes/ <no signer certificates>)
Sep 14, 2020 11:31:17 AM myBootstrap.MyBootstrap <init>
INFO: file:/G:/MyGitRepository/MyWebViewFail/MyWebViewFail/target/classes/
Sep 14, 2020 11:34:54 AM myBootstrap.MyBootstrap <init>
INFO: /G:/MyGitRepository/MyWebViewFail/MyWebViewFail/target/classes/
Sep 14, 2020 11:38:45 AM myBootstrap.MyBootstrap <init>
INFO: 
Sep 14, 2020 11:39:07 AM myBootstrap.MyBootstrap <init>
INFO: 
Sep 14, 2020 11:39:37 AM myBootstrap.MyBootstrap <init>
INFO: G:\MyGitRepository\MyWebViewFail\MyWebViewFail
Sep 14, 2020 11:42:16 AM myBootstrap.MyBootstrap <init>
INFO: /G:/MyGitRepository/MyWebViewFail/MyWebViewFail/target/classes/
Sep 14, 2020 11:46:44 AM myBootstrap.MyBootstrap <init>
INFO: G:\MyGitRepository\MyWebViewFail\MyWebViewFail\target\classes
Sep 14, 2020 11:48:03 AM myBootstrap.MyBootstrap <init>
INFO: G:\MyGitRepository\MyWebViewFail\MyWebViewFail\target\classes
Sep 14, 2020 11:48:56 AM myBootstrap.MyBootstrap <init>
INFO: G:\MyGitRepository\MyWebViewFail\MyWebViewFail\target\classes
Sep 14, 2020 11:48:56 AM myBootstrap.MyBootstrap <init>
INFO: Done.
Sep 14, 2020 11:53:50 AM myBootstrap.MyBootstrap lambda$0
INFO: G:\MyGitRepository\MyWebViewFail\MyWebViewFail\target\classes
Sep 14, 2020 11:53:50 AM myBootstrap.MyBootstrap lambda$0
INFO: Done.
Sep 14, 2020 12:05:14 PM myBootstrap.MyBootstrap lambda$0
INFO: G:\MyGitRepository\MyWebViewFail\MyWebViewFail\target\classes
Sep 14, 2020 12:05:14 PM myBootstrap.MyBootstrap lambda$0
INFO: Done.
