Mar 09, 2021 7:26:27 AM main.MyApplication getWebView
INFO: K:\JavaAPPs\MyWebViewFail\MyMatcher.java.13173647109962591274.htm exists false 
Mar 09, 2021 7:26:27 AM main.MyApplication lambda$0
INFO: Location file:///K:/JavaAPPs/MyWebViewFail/MyMatcher.java.13173647109962591274.htm 
Mar 09, 2021 7:31:51 AM main.MyApplication getWebView
INFO: C:\Users\USER\AppData\Local\Temp\MySetting.java.18068581270509216215.htm exists true 
Mar 09, 2021 7:31:51 AM main.MyApplication lambda$0
INFO: Location file:///C:/Users/USER/AppData/Local/Temp/MySetting.java.18068581270509216215.htm 
Mar 09, 2021 7:32:36 AM main.MyApplication getWebView
INFO: K:\JavaAPPs\MyWebViewFail\MySetting.java.18068581270509216215.htm exists true 
Mar 09, 2021 7:32:37 AM main.MyApplication lambda$0
INFO: Location file:///K:/JavaAPPs/MyWebViewFail/MySetting.java.18068581270509216215.htm 
Mar 09, 2021 7:35:55 AM main.MyApplication getWebView
INFO: K:\Syncurl\Bookmark.htm exists true 
Mar 09, 2021 7:35:55 AM main.MyApplication lambda$0
INFO: Location file:///K:/Syncurl/Bookmark.htm 
Mar 09, 2021 7:40:31 AM main.MyApplication getWebView
INFO: K:\Syncurl\Bookmark.htm exists true 
Mar 09, 2021 7:40:31 AM main.MyApplication lambda$0
INFO: Location file:///K:/Syncurl/Bookmark.htm 
Mar 09, 2021 7:45:29 AM main.MyApplication getWebView
INFO: K:\Syncurl\Bookmark.htm exists true 
Mar 09, 2021 7:45:29 AM main.MyApplication lambda$0
INFO: Location  
Mar 09, 2021 7:46:42 AM main.MyApplication getWebView
INFO: K:\JavaAPPs\MyWebViewFail\MySetting.java.18068581270509216215.htm exists true 
Mar 09, 2021 7:46:43 AM main.MyApplication lambda$0
INFO: Location  
Mar 09, 2021 7:51:24 AM main.MyApplication getWebView
INFO: K:\JavaAPPs\MyWebViewFail\MySetting.java.18068581270509216215.htm exists true 
Mar 09, 2021 7:51:24 AM main.MyApplication lambda$0
INFO: Location file:///K:/JavaAPPs/MyWebViewFail/MySetting.java.18068581270509216215.htm 
Mar 09, 2021 7:54:00 AM main.MyApplication getWebView
INFO: K:\JavaAPPs\MyWebViewFail\MySetting.java.18068581270509216215.htm exists true 
Mar 09, 2021 7:54:00 AM main.MyApplication getWebView
INFO: Location file:///K:/JavaAPPs/MyWebViewFail/MySetting.java.18068581270509216215.htm 
Mar 09, 2021 7:54:45 AM main.MyApplication getWebView
INFO: K:\Syncurl\Bookmark.htm exists true 
Mar 09, 2021 7:54:45 AM main.MyApplication getWebView
INFO: Location file:///K:/Syncurl/Bookmark.htm 
